L to Java script devs lol
loger file editor is odd
Please don't look at the code it's ugly as f*** lamo.
Malwear, theres no malwear only shity softwear and no spell/grammar check because that's what school is for lol.
No syntax highliting because this is not a code editor you dumb a**.

-------------------------------

The horn of plenty
The horn of plenty overflows
Panem shall rise above
Panem shall rain above
May our nation never fall again...
The horn of plenty overflows

The horn of plenty
The horn of plenty overflows
Panem shall rise above
Panem shall rain above
May our nation never fall again...

The horn of plenty
The horn of plenty overflows
Panem shall rise above
Panem shall rain above
May our nation never fall again

Though darkness may fall
Though darkness light will shine
As they beleve,
The darkness is the light!

The horn of plenty overflows

---------------------------------